{"/Users/dannymeyer/Documents/projects/chai-mocha-basics/index.js":{"path":"/Users/dannymeyer/Documents/projects/chai-mocha-basics/index.js","s":{"1":1,"2":2,"3":2,"4":1,"5":1},"b":{},"f":{"1":2,"2":1},"fnMap":{"1":{"name":"(anonymous_1)","line":1,"loc":{"start":{"line":1,"column":19},"end":{"line":1,"column":34}}},"2":{"name":"(anonymous_2)","line":6,"loc":{"start":{"line":6,"column":19},"end":{"line":6,"column":38}}}},"statementMap":{"1":{"start":{"line":1,"column":0},"end":{"line":4,"column":1}},"2":{"start":{"line":2,"column":2},"end":{"line":2,"column":24}},"3":{"start":{"line":3,"column":2},"end":{"line":3,"column":47}},"4":{"start":{"line":6,"column":0},"end":{"line":8,"column":1}},"5":{"start":{"line":7,"column":2},"end":{"line":7,"column":29}}},"branchMap":{}}}